This is pdfTeX, Version 3.141592653-2.6-1.40.26 (TeX Live 2024) (preloaded format=pdflatex 2024.5.5)  5 MAY 2024 19:41
entering extended mode
 restricted \write18 enabled.
 %&-line parsing enabled.
**PSYCH205_Final_Project.tex
(./PSYCH205_Final_Project.tex
LaTeX2e <2023-11-01> patch level 1
L3 programming layer <2024-04-11>
(c:/Users/guoqi/AppData/Roaming/TinyTeX/texmf-dist/tex/latex/base/article.cls
Document Class: article 2023/05/17 v1.4n Standard LaTeX document class
(c:/Users/guoqi/AppData/Roaming/TinyTeX/texmf-dist/tex/latex/base/size10.clo
File: size10.clo 2023/05/17 v1.4n Standard LaTeX file (size option)
)
\c@part=\count189
\c@section=\count190
\c@subsection=\count191
\c@subsubsection=\count192
\c@paragraph=\count193
\c@subparagraph=\count194
\c@figure=\count195
\c@table=\count196
\abovecaptionskip=\skip48
\belowcaptionskip=\skip49
\bibindent=\dimen140
) (c:/Users/guoqi/AppData/Roaming/TinyTeX/texmf-dist/tex/latex/graphics/graphicx.sty
Package: graphicx 2021/09/16 v1.2d Enhanced LaTeX Graphics (DPC,SPQR)
(c:/Users/guoqi/AppData/Roaming/TinyTeX/texmf-dist/tex/latex/graphics/keyval.sty
Package: keyval 2022/05/29 v1.15 key=value parser (DPC)
\KV@toks@=\toks17
) (c:/Users/guoqi/AppData/Roaming/TinyTeX/texmf-dist/tex/latex/graphics/graphics.sty
Package: graphics 2022/03/10 v1.4e Standard LaTeX Graphics (DPC,SPQR)
(c:/Users/guoqi/AppData/Roaming/TinyTeX/texmf-dist/tex/latex/graphics/trig.sty
Package: trig 2021/08/11 v1.11 sin cos tan (DPC)
) (c:/Users/guoqi/AppData/Roaming/TinyTeX/texmf-dist/tex/latex/graphics-cfg/graphics.cfg
File: graphics.cfg 2016/06/04 v1.11 sample graphics configuration
)
Package graphics Info: Driver file: pdftex.def on input line 107.
(c:/Users/guoqi/AppData/Roaming/TinyTeX/texmf-dist/tex/latex/graphics-def/pdftex.def
File: pdftex.def 2024/04/13 v1.2c Graphics/color driver for pdftex
))
\Gin@req@height=\dimen141
\Gin@req@width=\dimen142
) (c:/Users/guoqi/AppData/Roaming/TinyTeX/texmf-dist/tex/latex/xcolor/xcolor.sty
Package: xcolor 2023/11/15 v3.01 LaTeX color extensions (UK)
(c:/Users/guoqi/AppData/Roaming/TinyTeX/texmf-dist/tex/latex/graphics-cfg/color.cfg
File: color.cfg 2016/01/02 v1.6 sample color configuration
)
Package xcolor Info: Driver file: pdftex.def on input line 274.
(c:/Users/guoqi/AppData/Roaming/TinyTeX/texmf-dist/tex/latex/graphics/mathcolor.ltx)
Package xcolor Info: Model `cmy' substituted by `cmy0' on input line 1350.
Package xcolor Info: Model `hsb' substituted by `rgb' on input line 1354.
Package xcolor Info: Model `RGB' extended on input line 1366.
Package xcolor Info: Model `HTML' substituted by `rgb' on input line 1368.
Package xcolor Info: Model `Hsb' substituted by `hsb' on input line 1369.
Package xcolor Info: Model `tHsb' substituted by `hsb' on input line 1370.
Package xcolor Info: Model `HSB' substituted by `hsb' on input line 1371.
Package xcolor Info: Model `Gray' substituted by `gray' on input line 1372.
Package xcolor Info: Model `wave' substituted by `hsb' on input line 1373.
) (c:/Users/guoqi/AppData/Roaming/TinyTeX/texmf-dist/tex/latex/framed/framed.sty
Package: framed 2011/10/22 v 0.96: framed or shaded text with page breaks
\OuterFrameSep=\skip50
\fb@frw=\dimen143
\fb@frh=\dimen144
\FrameRule=\dimen145
\FrameSep=\dimen146
) (c:/Users/guoqi/AppData/Roaming/TinyTeX/texmf-dist/tex/latex/base/alltt.sty
Package: alltt 2021/01/29 v2.0g defines alltt environment
) (c:/Users/guoqi/AppData/Roaming/TinyTeX/texmf-dist/tex/latex/psnfss/mathpazo.sty
Package: mathpazo 2020/03/25 PSNFSS-v9.3 Palatino w/ Pazo Math (D.Puga, WaS) 
\symupright=\mathgroup4
) (c:/Users/guoqi/AppData/Roaming/TinyTeX/texmf-dist/tex/latex/base/fontenc.sty
Package: fontenc 2021/04/29 v2.0v Standard LaTeX package
LaTeX Font Info:    Trying to load font information for T1+pplx on input line 112.
(c:/Users/guoqi/AppData/Roaming/TinyTeX/texmf-dist/tex/latex/psnfss/t1pplx.fd
File: t1pplx.fd 2004/09/06 font definitions for T1/pplx.
)) (c:/Users/guoqi/AppData/Roaming/TinyTeX/texmf-dist/tex/latex/geometry/geometry.sty
Package: geometry 2020/01/02 v5.9 Page Geometry
(c:/Users/guoqi/AppData/Roaming/TinyTeX/texmf-dist/tex/generic/iftex/ifvtex.sty
Package: ifvtex 2019/10/25 v1.7 ifvtex legacy package. Use iftex instead.
(c:/Users/guoqi/AppData/Roaming/TinyTeX/texmf-dist/tex/generic/iftex/iftex.sty
Package: iftex 2022/02/03 v1.0f TeX engine tests
))
\Gm@cnth=\count197
\Gm@cntv=\count198
\c@Gm@tempcnt=\count199
\Gm@bindingoffset=\dimen147
\Gm@wd@mp=\dimen148
\Gm@odd@mp=\dimen149
\Gm@even@mp=\dimen150
\Gm@layoutwidth=\dimen151
\Gm@layoutheight=\dimen152
\Gm@layouthoffset=\dimen153
\Gm@layoutvoffset=\dimen154
\Gm@dimlist=\toks18
) (c:/Users/guoqi/AppData/Roaming/TinyTeX/texmf-dist/tex/latex/hyperref/hyperref.sty
Package: hyperref 2024-01-20 v7.01h Hypertext links for LaTeX
(c:/Users/guoqi/AppData/Roaming/TinyTeX/texmf-dist/tex/latex/kvsetkeys/kvsetkeys.sty
Package: kvsetkeys 2022-10-05 v1.19 Key value parser (HO)
) (c:/Users/guoqi/AppData/Roaming/TinyTeX/texmf-dist/tex/generic/kvdefinekeys/kvdefinekeys.sty
Package: kvdefinekeys 2019-12-19 v1.6 Define keys (HO)
) (c:/Users/guoqi/AppData/Roaming/TinyTeX/texmf-dist/tex/generic/pdfescape/pdfescape.sty
Package: pdfescape 2019/12/09 v1.15 Implements pdfTeX's escape features (HO)
(c:/Users/guoqi/AppData/Roaming/TinyTeX/texmf-dist/tex/generic/ltxcmds/ltxcmds.sty
Package: ltxcmds 2023-12-04 v1.26 LaTeX kernel commands for general use (HO)
) (c:/Users/guoqi/AppData/Roaming/TinyTeX/texmf-dist/tex/generic/pdftexcmds/pdftexcmds.sty
Package: pdftexcmds 2020-06-27 v0.33 Utility functions of pdfTeX for LuaTeX (HO)
(c:/Users/guoqi/AppData/Roaming/TinyTeX/texmf-dist/tex/generic/infwarerr/infwarerr.sty
Package: infwarerr 2019/12/03 v1.5 Providing info/warning/error messages (HO)
)
Package pdftexcmds Info: \pdf@primitive is available.
Package pdftexcmds Info: \pdf@ifprimitive is available.
Package pdftexcmds Info: \pdfdraftmode found.
)) (c:/Users/guoqi/AppData/Roaming/TinyTeX/texmf-dist/tex/latex/hycolor/hycolor.sty
Package: hycolor 2020-01-27 v1.10 Color options for hyperref/bookmark (HO)
) (c:/Users/guoqi/AppData/Roaming/TinyTeX/texmf-dist/tex/latex/auxhook/auxhook.sty
Package: auxhook 2019-12-17 v1.6 Hooks for auxiliary files (HO)
) (c:/Users/guoqi/AppData/Roaming/TinyTeX/texmf-dist/tex/latex/hyperref/nameref.sty
Package: nameref 2023-11-26 v2.56 Cross-referencing by name of section
(c:/Users/guoqi/AppData/Roaming/TinyTeX/texmf-dist/tex/latex/refcount/refcount.sty
Package: refcount 2019/12/15 v3.6 Data extraction from label references (HO)
) (c:/Users/guoqi/AppData/Roaming/TinyTeX/texmf-dist/tex/generic/gettitlestring/gettitlestring.sty
Package: gettitlestring 2019/12/15 v1.6 Cleanup title references (HO)
(c:/Users/guoqi/AppData/Roaming/TinyTeX/texmf-dist/tex/latex/kvoptions/kvoptions.sty
Package: kvoptions 2022-06-15 v3.15 Key value format for package options (HO)
))
\c@section@level=\count266
) (c:/Users/guoqi/AppData/Roaming/TinyTeX/texmf-dist/tex/latex/etoolbox/etoolbox.sty
Package: etoolbox 2020/10/05 v2.5k e-TeX tools for LaTeX (JAW)
\etb@tempcnta=\count267
)
\@linkdim=\dimen155
\Hy@linkcounter=\count268
\Hy@pagecounter=\count269
(c:/Users/guoqi/AppData/Roaming/TinyTeX/texmf-dist/tex/latex/hyperref/pd1enc.def
File: pd1enc.def 2024-01-20 v7.01h Hyperref: PDFDocEncoding definition (HO)
Now handling font encoding PD1 ...
... no UTF-8 mapping file for font encoding PD1
) (c:/Users/guoqi/AppData/Roaming/TinyTeX/texmf-dist/tex/generic/intcalc/intcalc.sty
Package: intcalc 2019/12/15 v1.3 Expandable calculations with integers (HO)
)
\Hy@SavedSpaceFactor=\count270
(c:/Users/guoqi/AppData/Roaming/TinyTeX/texmf-dist/tex/latex/hyperref/puenc.def
File: puenc.def 2024-01-20 v7.01h Hyperref: PDF Unicode definition (HO)
Now handling font encoding PU ...
... no UTF-8 mapping file for font encoding PU
)
Package hyperref Info: Option `unicode' set `true' on input line 4062.
Package hyperref Info: Option `pdfusetitle' set `true' on input line 4062.
Package hyperref Info: Option `bookmarks' set `true' on input line 4062.
Package hyperref Info: Option `bookmarksnumbered' set `true' on input line 4062.
Package hyperref Info: Option `bookmarksopen' set `true' on input line 4062.
Package hyperref Info: Option `breaklinks' set `false' on input line 4062.
Package hyperref Info: Option `colorlinks' set `false' on input line 4062.
Package hyperref Info: Hyper figures OFF on input line 4179.
Package hyperref Info: Link nesting OFF on input line 4184.
Package hyperref Info: Hyper index ON on input line 4187.
Package hyperref Info: Plain pages OFF on input line 4194.
Package hyperref Info: Backreferencing OFF on input line 4199.
Package hyperref Info: Implicit mode ON; LaTeX internals redefined.
Package hyperref Info: Bookmarks ON on input line 4446.
\c@Hy@tempcnt=\count271
(c:/Users/guoqi/AppData/Roaming/TinyTeX/texmf-dist/tex/latex/url/url.sty
\Urlmuskip=\muskip16
Package: url 2013/09/16  ver 3.4  Verb mode for urls, etc.
)
LaTeX Info: Redefining \url on input line 4784.
\XeTeXLinkMargin=\dimen156
(c:/Users/guoqi/AppData/Roaming/TinyTeX/texmf-dist/tex/generic/bitset/bitset.sty
Package: bitset 2019/12/09 v1.3 Handle bit-vector datatype (HO)
(c:/Users/guoqi/AppData/Roaming/TinyTeX/texmf-dist/tex/generic/bigintcalc/bigintcalc.sty
Package: bigintcalc 2019/12/15 v1.5 Expandable calculations on big integers (HO)
))
\Fld@menulength=\count272
\Field@Width=\dimen157
\Fld@charsize=\dimen158
Package hyperref Info: Hyper figures OFF on input line 6063.
Package hyperref Info: Link nesting OFF on input line 6068.
Package hyperref Info: Hyper index ON on input line 6071.
Package hyperref Info: backreferencing OFF on input line 6078.
Package hyperref Info: Link coloring OFF on input line 6083.
Package hyperref Info: Link coloring with OCG OFF on input line 6088.
Package hyperref Info: PDF/A mode OFF on input line 6093.
(c:/Users/guoqi/AppData/Roaming/TinyTeX/texmf-dist/tex/latex/base/atbegshi-ltx.sty
Package: atbegshi-ltx 2021/01/10 v1.0c Emulation of the original atbegshi
package with kernel methods
)
\Hy@abspage=\count273
\c@Item=\count274
\c@Hfootnote=\count275
)
Package hyperref Info: Driver (autodetected): hpdftex.
(c:/Users/guoqi/AppData/Roaming/TinyTeX/texmf-dist/tex/latex/hyperref/hpdftex.def
File: hpdftex.def 2024-01-20 v7.01h Hyperref driver for pdfTeX
(c:/Users/guoqi/AppData/Roaming/TinyTeX/texmf-dist/tex/latex/base/atveryend-ltx.sty
Package: atveryend-ltx 2020/08/19 v1.0a Emulation of the original atveryend package
with kernel methods
)
\Fld@listcount=\count276
\c@bookmark@seq@number=\count277
(c:/Users/guoqi/AppData/Roaming/TinyTeX/texmf-dist/tex/latex/rerunfilecheck/rerunfilecheck.sty
Package: rerunfilecheck 2022-07-10 v1.10 Rerun checks for auxiliary files (HO)
(c:/Users/guoqi/AppData/Roaming/TinyTeX/texmf-dist/tex/generic/uniquecounter/uniquecounter.sty
Package: uniquecounter 2019/12/15 v1.4 Provide unlimited unique counter (HO)
)
Package uniquecounter Info: New unique counter `rerunfilecheck' on input line 285.
)
\Hy@SectionHShift=\skip51
) (c:/Users/guoqi/AppData/Roaming/TinyTeX/texmf-dist/tex/latex/l3backend/l3backend-pdftex.def
File: l3backend-pdftex.def 2024-04-11 L3 backend support: PDF output (pdfTeX)
\l__color_backend_stack_int=\count278
\l__pdf_internal_box=\box51
) (./PSYCH205_Final_Project.aux)
\openout1 = `PSYCH205_Final_Project.aux'.

LaTeX Font Info:    Checking defaults for OML/cmm/m/it on input line 76.
LaTeX Font Info:    ... okay on input line 76.
LaTeX Font Info:    Checking defaults for OMS/cmsy/m/n on input line 76.
LaTeX Font Info:    ... okay on input line 76.
LaTeX Font Info:    Checking defaults for OT1/cmr/m/n on input line 76.
LaTeX Font Info:    ... okay on input line 76.
LaTeX Font Info:    Checking defaults for T1/cmr/m/n on input line 76.
LaTeX Font Info:    ... okay on input line 76.
LaTeX Font Info:    Checking defaults for TS1/cmr/m/n on input line 76.
LaTeX Font Info:    ... okay on input line 76.
LaTeX Font Info:    Checking defaults for OMX/cmex/m/n on input line 76.
LaTeX Font Info:    ... okay on input line 76.
LaTeX Font Info:    Checking defaults for U/cmr/m/n on input line 76.
LaTeX Font Info:    ... okay on input line 76.
LaTeX Font Info:    Checking defaults for PD1/pdf/m/n on input line 76.
LaTeX Font Info:    ... okay on input line 76.
LaTeX Font Info:    Checking defaults for PU/pdf/m/n on input line 76.
LaTeX Font Info:    ... okay on input line 76.
(c:/Users/guoqi/AppData/Roaming/TinyTeX/texmf-dist/tex/latex/epstopdf-pkg/epstopdf-base.sty
Package: epstopdf-base 2020-01-24 v2.11 Base part for package epstopdf
Package epstopdf-base Info: Redefining graphics rule for `.eps' on input line 485.
(c:/Users/guoqi/AppData/Roaming/TinyTeX/texmf-dist/tex/latex/latexconfig/epstopdf-sys.cfg
File: epstopdf-sys.cfg 2010/07/13 v1.3 Configuration of (r)epstopdf for TeX Live
))
\big@size=\dimen159
*geometry* driver: auto-detecting
*geometry* detected driver: pdftex

Package geometry Warning: The marginal notes overrun the paper.
     Add 4.86812pt and more to the right margin.

*geometry* verbose mode - [ preamble ] result:
* driver: pdftex
* paper: <default>
* layout: <same size as paper>
* layoutoffset:(h,v)=(0.0pt,0.0pt)
* modes: 
* h-part:(L,W,R)=(71.13188pt, 472.03123pt, 71.13188pt)
* v-part:(T,H,B)=(71.13188pt, 652.70622pt, 71.13188pt)
* \paperwidth=614.295pt
* \paperheight=794.96999pt
* \textwidth=472.03123pt
* \textheight=652.70622pt
* \oddsidemargin=-1.1381pt
* \evensidemargin=-1.1381pt
* \topmargin=-38.1381pt
* \headheight=12.0pt
* \headsep=25.0pt
* \topskip=10.0pt
* \footskip=30.0pt
* \marginparwidth=65.0pt
* \marginparsep=11.0pt
* \columnsep=10.0pt
* \skip\footins=9.0pt plus 4.0pt minus 2.0pt
* \hoffset=0.0pt
* \voffset=0.0pt
* \mag=1000
* \@twocolumnfalse
* \@twosidefalse
* \@mparswitchfalse
* \@reversemarginfalse
* (1in=72.27pt=25.4mm, 1cm=28.453pt)

Package hyperref Info: Link coloring OFF on input line 76.
(./PSYCH205_Final_Project.out) (./PSYCH205_Final_Project.out)
\@outlinefile=\write3
\openout3 = `PSYCH205_Final_Project.out'.

LaTeX Font Info:    Trying to load font information for OT1+pplx on input line 85.
(c:/Users/guoqi/AppData/Roaming/TinyTeX/texmf-dist/tex/latex/psnfss/ot1pplx.fd
File: ot1pplx.fd 2004/09/06 font definitions for OT1/pplx.
)
LaTeX Font Info:    Trying to load font information for OML+zplm on input line 85.
(c:/Users/guoqi/AppData/Roaming/TinyTeX/texmf-dist/tex/latex/psnfss/omlzplm.fd
File: omlzplm.fd 2002/09/08 Fontinst v1.914 font definitions for OML/zplm.
)
LaTeX Font Info:    Trying to load font information for OMS+zplm on input line 85.
(c:/Users/guoqi/AppData/Roaming/TinyTeX/texmf-dist/tex/latex/psnfss/omszplm.fd
File: omszplm.fd 2002/09/08 Fontinst v1.914 font definitions for OMS/zplm.
)
LaTeX Font Info:    Trying to load font information for OMX+zplm on input line 85.
(c:/Users/guoqi/AppData/Roaming/TinyTeX/texmf-dist/tex/latex/psnfss/omxzplm.fd
File: omxzplm.fd 2002/09/08 Fontinst v1.914 font definitions for OMX/zplm.
)
LaTeX Font Info:    Trying to load font information for OT1+zplm on input line 85.
(c:/Users/guoqi/AppData/Roaming/TinyTeX/texmf-dist/tex/latex/psnfss/ot1zplm.fd
File: ot1zplm.fd 2002/09/08 Fontinst v1.914 font definitions for OT1/zplm.
)

LaTeX Warning: No \author given.

LaTeX Font Info:    Trying to load font information for T1+lmtt on input line 89.
(c:/Users/guoqi/AppData/Roaming/TinyTeX/texmf-dist/tex/latex/lm/t1lmtt.fd
File: t1lmtt.fd 2015/05/01 v1.6.1 Font defs for Latin Modern
)
LaTeX Font Info:    Font shape `T1/lmtt/bx/n' in size <10> not available
(Font)              Font shape `T1/lmtt/b/n' tried instead on input line 90.

Overfull \hbox (231.46672pt too wide) in paragraph at lines 220--220
[][]\T1/lmtt/b/n/10 hist[][]\T1/lmtt/m/n/10 (data_no_g11[][]$[][]p_trans,[][]main[] []=[] []"Histogram of Probability of Successful Transmission"[][],[][]xlab[] []=[] []'Probability of Successful Transmission'[][])[][] 
 []

[1

{c:/Users/guoqi/AppData/Roaming/TinyTeX/texmf-var/fonts/map/pdftex/updmap/pdftex.map}{c:/Users/guoqi/AppData/Roaming/TinyTeX/texmf-dist/fonts/enc/dvips/base/8r.enc}{c:/Users/guoqi/AppData/Roaming/TinyTeX/texmf-dist/fonts/enc/dvips/lm/lm-ec.enc}] [2]
<figure/PSYCH205-Final-Project-Rnwauto-report-1.pdf, id=17, 433.62pt x 433.62pt>
File: figure/PSYCH205-Final-Project-Rnwauto-report-1.pdf Graphic file (type pdf)
<use figure/PSYCH205-Final-Project-Rnwauto-report-1.pdf>
Package pdftex.def Info: figure/PSYCH205-Final-Project-Rnwauto-report-1.pdf  used on input line 224.
(pdftex.def)             Requested size: 283.22162pt x 283.23251pt.

Overfull \hbox (142.21698pt too wide) in paragraph at lines 230--230
[][]\T1/lmtt/b/n/10 scatterplot[][]\T1/lmtt/m/n/10 (p_trans[] []~[] []generation,[] []data[][]=data_no_g11,[][]xlab[][]=[][]'generation'[][],[][]ylab[] []=[] []'Probability of Successful Transmission'[][])[][] 
 []

<figure/PSYCH205-Final-Project-Rnwauto-report-2.pdf, id=18, 433.62pt x 433.62pt>
File: figure/PSYCH205-Final-Project-Rnwauto-report-2.pdf Graphic file (type pdf)
<use figure/PSYCH205-Final-Project-Rnwauto-report-2.pdf>
Package pdftex.def Info: figure/PSYCH205-Final-Project-Rnwauto-report-2.pdf  used on input line 235.
(pdftex.def)             Requested size: 283.22162pt x 283.23251pt.
[3 <./figure/PSYCH205-Final-Project-Rnwauto-report-1.pdf>]
Overfull \hbox (178.96687pt too wide) in paragraph at lines 241--241
[][]\T1/lmtt/b/n/10 scatterplot[][]\T1/lmtt/m/n/10 (p_trans[] []~[] []s_demo,[] []data[][]=data_no_g11,[][]xlab[][]=[][]'demonstration quality'[][],[][]ylab[] []=[] []'Probability of Successful Transmission'[][])[][] 
 []

<figure/PSYCH205-Final-Project-Rnwauto-report-3.pdf, id=29, 433.62pt x 433.62pt>
File: figure/PSYCH205-Final-Project-Rnwauto-report-3.pdf Graphic file (type pdf)
<use figure/PSYCH205-Final-Project-Rnwauto-report-3.pdf>
Package pdftex.def Info: figure/PSYCH205-Final-Project-Rnwauto-report-3.pdf  used on input line 246.
(pdftex.def)             Requested size: 283.22162pt x 283.23251pt.

Overfull \hbox (37.21729pt too wide) in paragraph at lines 258--258
[][]\T1/lmtt/m/n/10 (R2.adj.1_2[] []<-[] []1[] []-[] [](anova.1_2[][]$[][]RSS[[][]2[][]][][]/[][]mod.lm2[][]$[][]df.residual)[][]/[][](anova.1_2[][]$[][]RSS[[][]1[][]][][]/[][]mod.lm1[][]$[][]df.residual))[][] 
 []


Overfull \hbox (668.95157pt too wide) in paragraph at lines 294--294
[][]\T1/lmtt/m/it/10 # Now we can calculate all of the cross-validated R2 - notice that these are arrays that have the size of you cv folds.  You get one value of R2 per fold.  This will be useful to get a confidence interval on your R2CV[][] 
 []


Overfull \hbox (42.46727pt too wide) in paragraph at lines 305--305
[][]\T1/lmtt/m/n/10 R2.cv.se.0_1[] []<-[] []\T1/lmtt/b/n/10 sqrt[][]\T1/lmtt/m/n/10 ([][]\T1/lmtt/b/n/10 sum[][]\T1/lmtt/m/n/10 ((R2.cv.0_1[] []-[] []R2.cv.m.0_1)[][]^[][]2[][])[][]/[][](n.folds[][]-[][]1[][]))[][]*[][]\T1/lmtt/b/n/10 sqrt[][]\T1/lmtt/m/n/10 ([][]1[][]/[][]n.folds[] []+[] []1[][]/[][](n.folds[][]-[][]1[][]))[][] 
 []


Overfull \hbox (42.46727pt too wide) in paragraph at lines 306--306
[][]\T1/lmtt/m/n/10 R2.cv.se.1_2[] []<-[] []\T1/lmtt/b/n/10 sqrt[][]\T1/lmtt/m/n/10 ([][]\T1/lmtt/b/n/10 sum[][]\T1/lmtt/m/n/10 ((R2.cv.1_2[] []-[] []R2.cv.m.1_2)[][]^[][]2[][])[][]/[][](n.folds[][]-[][]1[][]))[][]*[][]\T1/lmtt/b/n/10 sqrt[][]\T1/lmtt/m/n/10 ([][]1[][]/[][]n.folds[] []+[] []1[][]/[][](n.folds[][]-[][]1[][]))[][] 
 []


Overfull \hbox (42.46727pt too wide) in paragraph at lines 307--307
[][]\T1/lmtt/m/n/10 R2.cv.se.0_2[] []<-[] []\T1/lmtt/b/n/10 sqrt[][]\T1/lmtt/m/n/10 ([][]\T1/lmtt/b/n/10 sum[][]\T1/lmtt/m/n/10 ((R2.cv.0_2[] []-[] []R2.cv.m.0_2)[][]^[][]2[][])[][]/[][](n.folds[][]-[][]1[][]))[][]*[][]\T1/lmtt/b/n/10 sqrt[][]\T1/lmtt/m/n/10 ([][]1[][]/[][]n.folds[] []+[] []1[][]/[][](n.folds[][]-[][]1[][]))[][] 
 []

[4 <./figure/PSYCH205-Final-Project-Rnwauto-report-2.pdf> <./figure/PSYCH205-Final-Project-Rnwauto-report-3.pdf>] [5]
<figure/PSYCH205-Final-Project-Rnwauto-report-4.pdf, id=54, 433.62pt x 433.62pt>
File: figure/PSYCH205-Final-Project-Rnwauto-report-4.pdf Graphic file (type pdf)
<use figure/PSYCH205-Final-Project-Rnwauto-report-4.pdf>
Package pdftex.def Info: figure/PSYCH205-Final-Project-Rnwauto-report-4.pdf  used on input line 318.
(pdftex.def)             Requested size: 283.22162pt x 283.23251pt.
<figure/PSYCH205-Final-Project-Rnwauto-report-5.pdf, id=55, 433.62pt x 433.62pt>
File: figure/PSYCH205-Final-Project-Rnwauto-report-5.pdf Graphic file (type pdf)
<use figure/PSYCH205-Final-Project-Rnwauto-report-5.pdf>
Package pdftex.def Info: figure/PSYCH205-Final-Project-Rnwauto-report-5.pdf  used on input line 333.
(pdftex.def)             Requested size: 283.22162pt x 283.23251pt.
[6 <./figure/PSYCH205-Final-Project-Rnwauto-report-4.pdf>]
<figure/PSYCH205-Final-Project-Rnwauto-report-6.pdf, id=66, 433.62pt x 433.62pt>
File: figure/PSYCH205-Final-Project-Rnwauto-report-6.pdf Graphic file (type pdf)
<use figure/PSYCH205-Final-Project-Rnwauto-report-6.pdf>
Package pdftex.def Info: figure/PSYCH205-Final-Project-Rnwauto-report-6.pdf  used on input line 348.
(pdftex.def)             Requested size: 283.22162pt x 283.23251pt.
[7 <./figure/PSYCH205-Final-Project-Rnwauto-report-5.pdf>]
Overfull \hbox (336.46642pt too wide) in paragraph at lines 355--355
[][]\T1/lmtt/b/n/10 print[][]\T1/lmtt/m/n/10 ([][]\T1/lmtt/b/n/10 sprintf[][]\T1/lmtt/m/n/10 ([][]'Model 1 R2=%.2f R2adj=%.2f R2cv=%.2f +- %.3f'[][],[] []\T1/lmtt/b/n/10 summary[][]\T1/lmtt/m/n/10 (mod.lm1)[][]$[][]r.squared,[] []\T1/lmtt/b/n/10 summary[][]\T1/lmtt/m/n/10 (mod.lm1)[][]$[][]adj.r.squared, R2.cv.m.0_1,[] []1.96[][]*[][]R2.cv.se.0_1))[][] 
 []


Overfull \hbox (336.46642pt too wide) in paragraph at lines 361--361
[][]\T1/lmtt/b/n/10 print[][]\T1/lmtt/m/n/10 ([][]\T1/lmtt/b/n/10 sprintf[][]\T1/lmtt/m/n/10 ([][]'Model 2 R2=%.2f R2adj=%.2f R2cv=%.2f +- %.3f'[][],[] []\T1/lmtt/b/n/10 summary[][]\T1/lmtt/m/n/10 (mod.lm2)[][]$[][]r.squared,[] []\T1/lmtt/b/n/10 summary[][]\T1/lmtt/m/n/10 (mod.lm2)[][]$[][]adj.r.squared, R2.cv.m.0_2,[] []1.96[][]*[][]R2.cv.se.0_2))[][] 
 []


Overfull \hbox (142.21698pt too wide) in paragraph at lines 367--367
[][]\T1/lmtt/b/n/10 print[][]\T1/lmtt/m/n/10 ([][]\T1/lmtt/b/n/10 sprintf[][]\T1/lmtt/m/n/10 ([][]'Model 1vs2 R2=%.2f R2adj=%.2f R2cv=%.2f +- %.3f'[][], R2.1_2, R2.adj.1_2, R2.cv.m.1_2,[] []1.96[][]*[][]R2.cv.se.1_2))[][] 
 []


Overfull \hbox (73.96718pt too wide) in paragraph at lines 373--373
[][]\T1/lmtt/m/n/10 mod.lme[][]<-[][]\T1/lmtt/b/n/10 lme[][]\T1/lmtt/m/n/10 (p_trans[] []~[] []s_demo[][]+[][]generation,[] []random[] []=[] []~[] []1[] []|[][]participant_id ,[] []data[][]=data_no_g11,[][]method[] []=[] []'ML'[][])[][] 
 []


Overfull \hbox (16.21735pt too wide) in paragraph at lines 409--409
[]\T1/lmtt/m/n/10 ## Warning in compareCoefs(mod.lm2, mod.lme): models to be compared are of different classes[] 
 []

[8 <./figure/PSYCH205-Final-Project-Rnwauto-report-6.pdf>] [9] [10] (./PSYCH205_Final_Project.aux)
 ***********
LaTeX2e <2023-11-01> patch level 1
L3 programming layer <2024-04-11>
 ***********
Package rerunfilecheck Info: File `PSYCH205_Final_Project.out' has not changed.
(rerunfilecheck)             Checksum: D41D8CD98F00B204E9800998ECF8427E;0.
 ) 
Here is how much of TeX's memory you used:
 9592 strings out of 476010
 152762 string characters out of 5789932
 1950754 words of memory out of 5000000
 31637 multiletter control sequences out of 15000+600000
 572029 words of font info for 61 fonts, out of 8000000 for 9000
 14 hyphenation exceptions out of 8191
 75i,6n,79p,387b,495s stack positions out of 10000i,1000n,20000p,200000b,200000s
<c:/Users/guoqi/AppData/Roaming/TinyTeX/texmf-dist/fonts/type1/public/lm/lmtk10.pfb><c:/Users/guoqi/AppData/Roaming/TinyTeX/texmf-dist/fonts/type1/public/lm/lmtt10.pfb><c:/Users/guoqi/AppData/Roaming/TinyTeX/texmf-dist/fonts/type1/public/lm/lmtti10.pfb><c:/Users/guoqi/AppData/Roaming/TinyTeX/texmf-dist/fonts/type1/urw/palatino/uplr8a.pfb>
Output written on PSYCH205_Final_Project.pdf (10 pages, 150074 bytes).
PDF statistics:
 121 PDF objects out of 1000 (max. 8388607)
 88 compressed objects within 1 object stream
 11 named destinations out of 1000 (max. 500000)
 31 words of extra memory for PDF output out of 10000 (max. 10000000)

